-------------------------------------------------------------------------------
Test set: ru.carX.TechnicalTask.GameDataControllerTest
-------------------------------------------------------------------------------
Tests run: 3, Failures: 0, Errors: 3, Skipped: 0, Time elapsed: 0.425 s <<< FAILURE! - in ru.carX.TechnicalTask.GameDataControllerTest
getUserData_ShouldReturnUserSyncData  Time elapsed: 0 s  <<< ERROR!
java.lang.IllegalStateException: Failed to load ApplicationContext
Caused by: org.springframework.beans.factory.UnsatisfiedDependencyException: Error creating bean with name 'gameDataController' defined in file [/media/seva/Новый том/Linux Working Dir/technical task/TechnicalTask_Boot/target/classes/ru/CarX/TechnicalTask/controllers/GameDataController.class]: Unsatisfied dependency expressed through constructor parameter 2; nested exception is org.springframework.beans.factory.NoSuchBeanDefinitionException: No qualifying bean of type 'ru.CarX.TechnicalTask.util.BindingResultErrorHandler' available: expected at least 1 bean which qualifies as autowire candidate. Dependency annotations: {}
Caused by: org.springframework.beans.factory.NoSuchBeanDefinitionException: No qualifying bean of type 'ru.CarX.TechnicalTask.util.BindingResultErrorHandler' available: expected at least 1 bean which qualifies as autowire candidate. Dependency annotations: {}

receiveSyncData_ShouldReturnOk  Time elapsed: 0 s  <<< ERROR!
java.lang.IllegalStateException: Failed to load ApplicationContext
Caused by: org.springframework.beans.factory.UnsatisfiedDependencyException: Error creating bean with name 'gameDataController' defined in file [/media/seva/Новый том/Linux Working Dir/technical task/TechnicalTask_Boot/target/classes/ru/CarX/TechnicalTask/controllers/GameDataController.class]: Unsatisfied dependency expressed through constructor parameter 2; nested exception is org.springframework.beans.factory.NoSuchBeanDefinitionException: No qualifying bean of type 'ru.CarX.TechnicalTask.util.BindingResultErrorHandler' available: expected at least 1 bean which qualifies as autowire candidate. Dependency annotations: {}
Caused by: org.springframework.beans.factory.NoSuchBeanDefinitionException: No qualifying bean of type 'ru.CarX.TechnicalTask.util.BindingResultErrorHandler' available: expected at least 1 bean which qualifies as autowire candidate. Dependency annotations: {}

receiveActivity_ShouldReturnOk  Time elapsed: 0 s  <<< ERROR!
java.lang.IllegalStateException: Failed to load ApplicationContext
Caused by: org.springframework.beans.factory.UnsatisfiedDependencyException: Error creating bean with name 'gameDataController' defined in file [/media/seva/Новый том/Linux Working Dir/technical task/TechnicalTask_Boot/target/classes/ru/CarX/TechnicalTask/controllers/GameDataController.class]: Unsatisfied dependency expressed through constructor parameter 2; nested exception is org.springframework.beans.factory.NoSuchBeanDefinitionException: No qualifying bean of type 'ru.CarX.TechnicalTask.util.BindingResultErrorHandler' available: expected at least 1 bean which qualifies as autowire candidate. Dependency annotations: {}
Caused by: org.springframework.beans.factory.NoSuchBeanDefinitionException: No qualifying bean of type 'ru.CarX.TechnicalTask.util.BindingResultErrorHandler' available: expected at least 1 bean which qualifies as autowire candidate. Dependency annotations: {}

